{"/Users/rodrigoaires/GIT_Rod/typescript/dist/index.js": {"path":"/Users/rodrigoaires/GIT_Rod/typescript/dist/index.js","statementMap":{"0":{"start":{"line":2,"column":14},"end":{"line":4,"column":1}},"1":{"start":{"line":3,"column":4},"end":{"line":3,"column":22}},"2":{"start":{"line":5,"column":0},"end":{"line":5,"column":27}}},"fnMap":{"0":{"name":"(anonymous_0)","decl":{"start":{"line":2,"column":14},"end":{"line":2,"column":15}},"loc":{"start":{"line":2,"column":20},"end":{"line":4,"column":1}},"line":2}},"branchMap":{},"s":{"0":1,"1":1,"2":1},"f":{"0":1},"b":{},"_coverageSchema":"1a1c01bbd47fc00a2c39e90264f33305004495a9","hash":"c09e030ecdc0ed16bce14a51729b54203746f73f"}
,"/Users/rodrigoaires/GIT_Rod/typescript/dist/oop-abstraction.js": {"path":"/Users/rodrigoaires/GIT_Rod/typescript/dist/oop-abstraction.js","statementMap":{"0":{"start":{"line":2,"column":0},"end":{"line":2,"column":62}},"1":{"start":{"line":3,"column":0},"end":{"line":3,"column":74}},"2":{"start":{"line":8,"column":8},"end":{"line":8,"column":32}},"3":{"start":{"line":11,"column":0},"end":{"line":11,"column":24}},"4":{"start":{"line":15,"column":0},"end":{"line":15,"column":20}},"5":{"start":{"line":19,"column":8},"end":{"line":19,"column":38}},"6":{"start":{"line":22,"column":8},"end":{"line":22,"column":22}},"7":{"start":{"line":25,"column":8},"end":{"line":25,"column":31}},"8":{"start":{"line":28,"column":8},"end":{"line":28,"column":23}},"9":{"start":{"line":31,"column":0},"end":{"line":31,"column":18}},"10":{"start":{"line":34,"column":8},"end":{"line":34,"column":58}},"11":{"start":{"line":37,"column":0},"end":{"line":37,"column":32}},"12":{"start":{"line":38,"column":19},"end":{"line":38,"column":35}},"13":{"start":{"line":39,"column":0},"end":{"line":39,"column":97}}},"fnMap":{"0":{"name":"(anonymous_0)","decl":{"start":{"line":7,"column":4},"end":{"line":7,"column":5}},"loc":{"start":{"line":7,"column":16},"end":{"line":9,"column":5}},"line":7},"1":{"name":"(anonymous_1)","decl":{"start":{"line":18,"column":4},"end":{"line":18,"column":5}},"loc":{"start":{"line":18,"column":16},"end":{"line":20,"column":5}},"line":18},"2":{"name":"(anonymous_2)","decl":{"start":{"line":21,"column":4},"end":{"line":21,"column":5}},"loc":{"start":{"line":21,"column":16},"end":{"line":23,"column":5}},"line":21},"3":{"name":"(anonymous_3)","decl":{"start":{"line":24,"column":4},"end":{"line":24,"column":5}},"loc":{"start":{"line":24,"column":16},"end":{"line":26,"column":5}},"line":24},"4":{"name":"(anonymous_4)","decl":{"start":{"line":27,"column":4},"end":{"line":27,"column":5}},"loc":{"start":{"line":27,"column":11},"end":{"line":29,"column":5}},"line":27},"5":{"name":"(anonymous_5)","decl":{"start":{"line":33,"column":4},"end":{"line":33,"column":5}},"loc":{"start":{"line":33,"column":25},"end":{"line":35,"column":5}},"line":33}},"branchMap":{},"s":{"0":1,"1":1,"2":0,"3":1,"4":1,"5":1,"6":0,"7":0,"8":0,"9":1,"10":2,"11":1,"12":1,"13":1},"f":{"0":0,"1":1,"2":0,"3":0,"4":0,"5":2},"b":{},"_coverageSchema":"1a1c01bbd47fc00a2c39e90264f33305004495a9","hash":"db861b45d7190587e8cc4ad33363903b53779a1f"}
,"/Users/rodrigoaires/GIT_Rod/typescript/dist/oop-encapsulation.js": {"path":"/Users/rodrigoaires/GIT_Rod/typescript/dist/oop-encapsulation.js","statementMap":{"0":{"start":{"line":2,"column":0},"end":{"line":2,"column":62}},"1":{"start":{"line":3,"column":0},"end":{"line":3,"column":19}},"2":{"start":{"line":6,"column":8},"end":{"line":6,"column":26}},"3":{"start":{"line":7,"column":8},"end":{"line":7,"column":34}},"4":{"start":{"line":13,"column":8},"end":{"line":13,"column":49}},"5":{"start":{"line":16,"column":8},"end":{"line":16,"column":26}},"6":{"start":{"line":19,"column":8},"end":{"line":19,"column":30}},"7":{"start":{"line":22,"column":8},"end":{"line":22,"column":26}},"8":{"start":{"line":25,"column":8},"end":{"line":25,"column":34}},"9":{"start":{"line":28,"column":8},"end":{"line":28,"column":29}},"10":{"start":{"line":31,"column":0},"end":{"line":31,"column":14}},"11":{"start":{"line":35,"column":8},"end":{"line":35,"column":28}},"12":{"start":{"line":36,"column":0},"end":{"line":36,"column":24}},"13":{"start":{"line":37,"column":0},"end":{"line":37,"column":20}},"14":{"start":{"line":38,"column":0},"end":{"line":38,"column":24}},"15":{"start":{"line":39,"column":0},"end":{"line":39,"column":29}},"16":{"start":{"line":40,"column":0},"end":{"line":40,"column":24}}},"fnMap":{"0":{"name":"(anonymous_0)","decl":{"start":{"line":5,"column":4},"end":{"line":5,"column":5}},"loc":{"start":{"line":5,"column":32},"end":{"line":8,"column":5}},"line":5},"1":{"name":"(anonymous_1)","decl":{"start":{"line":12,"column":4},"end":{"line":12,"column":5}},"loc":{"start":{"line":12,"column":19},"end":{"line":14,"column":5}},"line":12},"2":{"name":"(anonymous_2)","decl":{"start":{"line":15,"column":4},"end":{"line":15,"column":5}},"loc":{"start":{"line":15,"column":15},"end":{"line":17,"column":5}},"line":15},"3":{"name":"(anonymous_3)","decl":{"start":{"line":18,"column":4},"end":{"line":18,"column":5}},"loc":{"start":{"line":18,"column":19},"end":{"line":20,"column":5}},"line":18},"4":{"name":"(anonymous_4)","decl":{"start":{"line":21,"column":4},"end":{"line":21,"column":5}},"loc":{"start":{"line":21,"column":19},"end":{"line":23,"column":5}},"line":21},"5":{"name":"(anonymous_5)","decl":{"start":{"line":24,"column":4},"end":{"line":24,"column":5}},"loc":{"start":{"line":24,"column":27},"end":{"line":26,"column":5}},"line":24},"6":{"name":"(anonymous_6)","decl":{"start":{"line":27,"column":4},"end":{"line":27,"column":5}},"loc":{"start":{"line":27,"column":12},"end":{"line":29,"column":5}},"line":27}},"branchMap":{},"s":{"0":1,"1":1,"2":2,"3":2,"4":3,"5":1,"6":1,"7":1,"8":0,"9":1,"10":1,"11":1,"12":1,"13":1,"14":1,"15":1,"16":1},"f":{"0":2,"1":3,"2":1,"3":1,"4":1,"5":0,"6":1},"b":{},"_coverageSchema":"1a1c01bbd47fc00a2c39e90264f33305004495a9","hash":"85ae3c7b9d0492ce287b78c0986feb9180308b85"}
,"/Users/rodrigoaires/GIT_Rod/typescript/dist/oop-inheritance.js": {"path":"/Users/rodrigoaires/GIT_Rod/typescript/dist/oop-inheritance.js","statementMap":{"0":{"start":{"line":2,"column":0},"end":{"line":2,"column":62}},"1":{"start":{"line":3,"column":0},"end":{"line":3,"column":41}},"2":{"start":{"line":6,"column":8},"end":{"line":6,"column":19}},"3":{"start":{"line":7,"column":8},"end":{"line":7,"column":19}},"4":{"start":{"line":10,"column":8},"end":{"line":10,"column":37}},"5":{"start":{"line":13,"column":0},"end":{"line":13,"column":24}},"6":{"start":{"line":19,"column":8},"end":{"line":19,"column":20}},"7":{"start":{"line":20,"column":8},"end":{"line":20,"column":20}},"8":{"start":{"line":21,"column":8},"end":{"line":21,"column":20}},"9":{"start":{"line":22,"column":8},"end":{"line":22,"column":19}},"10":{"start":{"line":23,"column":8},"end":{"line":23,"column":19}},"11":{"start":{"line":26,"column":8},"end":{"line":26,"column":152}},"12":{"start":{"line":29,"column":0},"end":{"line":29,"column":24}},"13":{"start":{"line":30,"column":10},"end":{"line":30,"column":40}},"14":{"start":{"line":31,"column":0},"end":{"line":31,"column":23}}},"fnMap":{"0":{"name":"(anonymous_0)","decl":{"start":{"line":5,"column":4},"end":{"line":5,"column":5}},"loc":{"start":{"line":5,"column":22},"end":{"line":8,"column":5}},"line":5},"1":{"name":"(anonymous_1)","decl":{"start":{"line":9,"column":4},"end":{"line":9,"column":5}},"loc":{"start":{"line":9,"column":12},"end":{"line":11,"column":5}},"line":9},"2":{"name":"(anonymous_2)","decl":{"start":{"line":18,"column":4},"end":{"line":18,"column":5}},"loc":{"start":{"line":18,"column":28},"end":{"line":24,"column":5}},"line":18},"3":{"name":"(anonymous_3)","decl":{"start":{"line":25,"column":4},"end":{"line":25,"column":5}},"loc":{"start":{"line":25,"column":16},"end":{"line":27,"column":5}},"line":25}},"branchMap":{"0":{"loc":{"start":{"line":26,"column":69},"end":{"line":26,"column":107}},"type":"cond-expr","locations":[{"start":{"line":26,"column":73},"end":{"line":26,"column":80}},{"start":{"line":26,"column":83},"end":{"line":26,"column":107}}],"line":26},"1":{"loc":{"start":{"line":26,"column":112},"end":{"line":26,"column":150}},"type":"cond-expr","locations":[{"start":{"line":26,"column":116},"end":{"line":26,"column":123}},{"start":{"line":26,"column":126},"end":{"line":26,"column":150}}],"line":26}},"s":{"0":1,"1":1,"2":2,"3":2,"4":4,"5":1,"6":2,"7":2,"8":2,"9":2,"10":2,"11":4,"12":1,"13":1,"14":1},"f":{"0":2,"1":4,"2":2,"3":4},"b":{"0":[2,2],"1":[1,3]},"_coverageSchema":"1a1c01bbd47fc00a2c39e90264f33305004495a9","hash":"f4fd10056e5818954ff8ccaafc88436f9db1c85d"}
,"/Users/rodrigoaires/GIT_Rod/typescript/dist/oop-polymorphism.js": {"path":"/Users/rodrigoaires/GIT_Rod/typescript/dist/oop-polymorphism.js","statementMap":{"0":{"start":{"line":2,"column":0},"end":{"line":2,"column":62}},"1":{"start":{"line":3,"column":0},"end":{"line":3,"column":22}},"2":{"start":{"line":9,"column":8},"end":{"line":9,"column":142}},"3":{"start":{"line":12,"column":0},"end":{"line":12,"column":20}}},"fnMap":{"0":{"name":"(anonymous_0)","decl":{"start":{"line":6,"column":4},"end":{"line":6,"column":5}},"loc":{"start":{"line":6,"column":18},"end":{"line":7,"column":5}},"line":6},"1":{"name":"(anonymous_1)","decl":{"start":{"line":8,"column":4},"end":{"line":8,"column":5}},"loc":{"start":{"line":8,"column":26},"end":{"line":10,"column":5}},"line":8}},"branchMap":{"0":{"loc":{"start":{"line":9,"column":16},"end":{"line":9,"column":38}},"type":"cond-expr","locations":[{"start":{"line":9,"column":29},"end":{"line":9,"column":32}},{"start":{"line":9,"column":35},"end":{"line":9,"column":38}}],"line":9},"1":{"loc":{"start":{"line":9,"column":43},"end":{"line":9,"column":129}},"type":"cond-expr","locations":[{"start":{"line":9,"column":94},"end":{"line":9,"column":99}},{"start":{"line":9,"column":102},"end":{"line":9,"column":129}}],"line":9},"2":{"loc":{"start":{"line":9,"column":43},"end":{"line":9,"column":91}},"type":"binary-expr","locations":[{"start":{"line":9,"column":43},"end":{"line":9,"column":65}},{"start":{"line":9,"column":69},"end":{"line":9,"column":91}}],"line":9}},"s":{"0":1,"1":1,"2":3,"3":1},"f":{"0":1,"1":3},"b":{"0":[1,2],"1":[2,1],"2":[3,2]},"_coverageSchema":"1a1c01bbd47fc00a2c39e90264f33305004495a9","hash":"d46476960e18673a2391ae5095d107b7625b8d4c"}
}
