TN:
SF:dist/index.js
FN:2,(anonymous_0)
FNF:1
FNH:1
FNDA:1,(anonymous_0)
DA:2,1
DA:3,1
DA:5,1
LF:3
LH:3
BRF:0
BRH:0
end_of_record
TN:
SF:dist/oop-abstraction.js
FN:7,(anonymous_0)
FN:18,(anonymous_1)
FN:21,(anonymous_2)
FN:24,(anonymous_3)
FN:27,(anonymous_4)
FN:33,(anonymous_5)
FNF:6
FNH:2
FNDA:0,(anonymous_0)
FNDA:1,(anonymous_1)
FNDA:0,(anonymous_2)
FNDA:0,(anonymous_3)
FNDA:0,(anonymous_4)
FNDA:2,(anonymous_5)
DA:2,1
DA:3,1
DA:8,0
DA:11,1
DA:15,1
DA:19,1
DA:22,0
DA:25,0
DA:28,0
DA:31,1
DA:34,2
DA:37,1
DA:38,1
DA:39,1
LF:14
LH:10
BRF:0
BRH:0
end_of_record
TN:
SF:dist/oop-encapsulation.js
FN:5,(anonymous_0)
FN:12,(anonymous_1)
FN:15,(anonymous_2)
FN:18,(anonymous_3)
FN:21,(anonymous_4)
FN:24,(anonymous_5)
FN:27,(anonymous_6)
FNF:7
FNH:6
FNDA:2,(anonymous_0)
FNDA:3,(anonymous_1)
FNDA:1,(anonymous_2)
FNDA:1,(anonymous_3)
FNDA:1,(anonymous_4)
FNDA:0,(anonymous_5)
FNDA:1,(anonymous_6)
DA:2,1
DA:3,1
DA:6,2
DA:7,2
DA:13,3
DA:16,1
DA:19,1
DA:22,1
DA:25,0
DA:28,1
DA:31,1
DA:35,1
DA:36,1
DA:37,1
DA:38,1
DA:39,1
DA:40,1
LF:17
LH:16
BRF:0
BRH:0
end_of_record
TN:
SF:dist/oop-inheritance.js
FN:5,(anonymous_0)
FN:9,(anonymous_1)
FN:18,(anonymous_2)
FN:25,(anonymous_3)
FNF:4
FNH:4
FNDA:2,(anonymous_0)
FNDA:4,(anonymous_1)
FNDA:2,(anonymous_2)
FNDA:4,(anonymous_3)
DA:2,1
DA:3,1
DA:6,2
DA:7,2
DA:10,4
DA:13,1
DA:19,2
DA:20,2
DA:21,2
DA:22,2
DA:23,2
DA:26,4
DA:29,1
DA:30,1
DA:31,1
LF:15
LH:15
BRDA:26,0,0,2
BRDA:26,0,1,2
BRDA:26,1,0,1
BRDA:26,1,1,3
BRF:4
BRH:4
end_of_record
TN:
SF:dist/oop-polymorphism.js
FN:6,(anonymous_0)
FN:8,(anonymous_1)
FNF:2
FNH:2
FNDA:1,(anonymous_0)
FNDA:3,(anonymous_1)
DA:2,1
DA:3,1
DA:9,3
DA:12,1
LF:4
LH:4
BRDA:9,0,0,1
BRDA:9,0,1,2
BRDA:9,1,0,2
BRDA:9,1,1,1
BRDA:9,2,0,3
BRDA:9,2,1,2
BRF:6
BRH:6
end_of_record
